// 重构日志: 6964ffa8
// 重构日志: fb6aaf64
// 重构日志: 016d3ee9
// 同步 ID: 459c8bda @ Fri May  8 06:51:35 UTC 2026
// 同步 ID: 5de21c2b @ Fri May  8 11:58:31 UTC 2026
// 重构日志: 1847a56f
// 重构日志: 484dde65
// 重构日志: 81bf5a7a
// 重构日志: ca63eece
// 同步 ID: 380f70ba @ Sun May 17 12:03:52 UTC 2026
// 同步 ID: 78e61d14 @ Mon May 18 12:50:35 UTC 2026
// 同步 ID: 6b199837 @ Fri May 22 18:43:15 UTC 2026
// 重构日志: 6214e0ae
// 同步 ID: 49793876 @ Sun May 24 12:05:41 UTC 2026
// 重构日志: a0da268e
// 重构日志: 4a7bfb73
// 重构日志: 0ee3a123
// 同步 ID: b36a8920 @ Sat May 30 08:06:11 UTC 2026
// 重构日志: 76c7da56
// 重构日志: e0ee1d68
// 重构日志: 4ea01235
// 重构日志: 5694be52
// 同步 ID: 9fa00593 @ Thu Jun  4 23:20:00 UTC 2026
// 同步 ID: 03cc996e @ Fri Jun  5 00:57:00 UTC 2026
// 重构日志: 5c015639
// 重构日志: ab2ddf90
// 同步 ID: 21467c60 @ Sat Jun  6 05:43:39 UTC 2026
// 重构日志: abad694d
// 同步 ID: 172b1a27 @ Sun Jun  7 06:01:33 UTC 2026
// 重构日志: a0333a82
